<?xml version="1.0" encoding="UTF-8"?>
<!-- Generated by org.testng.reporters.JUnitReportReporter -->
<testsuite hostname="Karthi" name="testcases.TC001" tests="1" failures="0" timestamp="20 Jul 2016 00:09:27 GMT" time="40.010" errors="0">
  <testcase name="executeTC001" time="40.010" classname="testcases.TC001"/>
</testsuite> <!-- testcases.TC001 -->
