<?xml version="1.0" encoding="UTF-8"?>
<!-- Generated by org.testng.reporters.JUnitReportReporter -->
<testsuite hostname="Family" name="testcases.TC004" tests="2" failures="0" timestamp="23 Jun 2016 11:02:15 GMT" time="240.034" errors="0">
  <testcase name="executeTC002" time="139.675" classname="testcases.TC004"/>
  <testcase name="executeTC002" time="100.359" classname="testcases.TC004"/>
</testsuite> <!-- testcases.TC004 -->
