<?xml version="1.0" encoding="UTF-8"?>
<!-- Generated by org.testng.reporters.JUnitReportReporter -->
<testsuite hostname="Family" name="testcases.TC002" tests="2" failures="0" timestamp="22 Jun 2016 11:23:12 GMT" time="107.492" errors="0">
  <testcase name="executeTC002" time="54.659" classname="testcases.TC002"/>
  <testcase name="executeTC002" time="52.833" classname="testcases.TC002"/>
</testsuite> <!-- testcases.TC002 -->
