<?xml version="1.0" encoding="UTF-8"?>
<!-- Generated by org.testng.reporters.JUnitReportReporter -->
<testsuite hostname="Family" name="testcases.TC003" tests="2" failures="0" timestamp="22 Jun 2016 13:54:03 GMT" time="196.750" errors="0">
  <testcase name="executeTC002" time="110.616" classname="testcases.TC003"/>
  <testcase name="executeTC002" time="86.134" classname="testcases.TC003"/>
</testsuite> <!-- testcases.TC003 -->
